<?xml version="1.0" encoding="UTF-8"?>
<!-- Generated by org.testng.reporters.JUnitXMLReporter -->
<testsuite hostname="IBM289-PC07QFA2" ignored="0" name="Default test(failed)" tests="2" failures="0" timestamp="23 Mar 2019 18:01:31 GMT" time="72.979" errors="0">
  <testcase name="Functional_Test_RETC_077" time="18.588" classname="com.training.functional.tests.RETC_077"/>
  <testcase name="Functional_Test_RETC_077" time="8.656" classname="com.training.functional.tests.RETC_077"/>
</testsuite> <!-- Default test(failed) -->
