<?xml version="1.0" encoding="UTF-8"?>
<!-- Generated by org.testng.reporters.JUnitXMLReporter -->
<testsuite hostname="IBM289-PC07QFA2" ignored="0" name="RETC_077" tests="2" failures="0" timestamp="01 Apr 2019 05:11:22 GMT" time="58.315" errors="0">
  <testcase name="Functional_Test_RETC_077" time="15.23" classname="com.training.functional.tests.RETC_077"/>
  <testcase name="Functional_Test_RETC_077" time="9.265" classname="com.training.functional.tests.RETC_077"/>
</testsuite> <!-- RETC_077 -->
