<?xml version="1.0" encoding="UTF-8"?>
<!-- Generated by org.testng.reporters.JUnitXMLReporter -->
<testsuite hostname="IBM289-PC07QFA2" ignored="0" name="RETC_078" tests="3" failures="0" timestamp="01 Apr 2019 05:12:33 GMT" time="70.415" errors="0">
  <testcase name="Functional_Test_RETC_078" time="15.465" classname="com.training.functional.tests.RETC_078"/>
  <testcase name="Functional_Test_RETC_078" time="8.916" classname="com.training.functional.tests.RETC_078"/>
  <testcase name="Functional_Test_RETC_078" time="7.858" classname="com.training.functional.tests.RETC_078"/>
</testsuite> <!-- RETC_078 -->
