<?xml version="1.0" encoding="UTF-8"?>
<!-- Generated by org.testng.reporters.JUnitXMLReporter -->
<testsuite hostname="IBM289-PC07QFA2" ignored="0" name="RETC_076" tests="3" failures="0" timestamp="01 Apr 2019 05:10:24 GMT" time="71.009" errors="0">
  <testcase name="Functional_Test_RETC_076" time="16.494" classname="com.training.functional.tests.RETC_076"/>
  <testcase name="Functional_Test_RETC_076" time="11.904" classname="com.training.functional.tests.RETC_076"/>
  <testcase name="Functional_Test_RETC_076" time="10.596" classname="com.training.functional.tests.RETC_076"/>
</testsuite> <!-- RETC_076 -->
