<?xml version="1.0" encoding="UTF-8"?>
<!-- Generated by org.testng.reporters.JUnitXMLReporter -->
<testsuite hostname="IBM289-PC07QFA2" ignored="0" name="Default test" tests="2" failures="0" timestamp="01 Apr 2019 04:52:38 GMT" time="64.367" errors="0">
  <testcase name="Functional_Test_RETC_077" time="17.403" classname="com.training.functional.tests.RETC_077"/>
  <testcase name="Functional_Test_RETC_077" time="10.211" classname="com.training.functional.tests.RETC_077"/>
</testsuite> <!-- Default test -->
